#
# There is insufficient memory for the Java Runtime Environment to continue.
# Native memory allocation (mmap) failed to map 8589934592 bytes. Error detail: committing reserved memory.
# Possible reasons:
#   The system is out of physical RAM or swap space
#   This process is running with CompressedOops enabled, and the Java Heap may be blocking the growth of the native heap
# Possible solutions:
#   Reduce memory load on the system
#   Increase physical memory or swap space
#   Check if swap backing store is full
#   Decrease Java heap size (-Xmx/-Xms)
#   Decrease number of Java threads
#   Decrease Java thread stack sizes (-Xss)
#   Set larger code cache with -XX:ReservedCodeCacheSize=
#   JVM is running with Zero Based Compressed Oops mode in which the Java heap is
#     placed in the first 32GB address space. The Java Heap base address is the
#     maximum limit for the native heap growth. Please use -XX:HeapBaseMinAddress
#     to set the Java Heap base and to place the Java Heap above 32GB virtual address.
# This output file may be truncated or incomplete.
#
#  Out of Memory Error (os_linux.cpp:2793), pid=125523, tid=125524
#
# JRE version:  (21.0.5+11) (build )
# Java VM: OpenJDK 64-Bit Server VM (21.0.5+11-LTS, mixed mode, sharing, tiered, compressed oops, compressed class ptrs, g1 gc, linux-amd64)
# Core dump will be written. Default location: Core dumps may be processed with "/usr/share/apport/apport -p%p -s%s -c%c -d%d -P%P -u%u -g%g -- %E" (or dumping to /workspaces/codice/core.125523)
#

---------------  S U M M A R Y ------------

Command Line: -Xms8G -Xmx8G -XX:+UseG1GC -XX:+ParallelRefProcEnabled -XX:MaxGCPauseMillis=200 -XX:+UnlockExperimentalVMOptions -XX:+DisableExplicitGC -XX:+AlwaysPreTouch -XX:G1NewSizePercent=30 -XX:G1MaxNewSizePercent=40 -XX:G1HeapRegionSize=8M -XX:G1ReservePercent=20 -XX:G1HeapWastePercent=5 -XX:G1MixedGCCountTarget=4 -XX:InitiatingHeapOccupancyPercent=15 -XX:G1MixedGCLiveThresholdPercent=90 -XX:G1RSetUpdatingPauseTimePercent=5 -XX:SurvivorRatio=32 -XX:+PerfDisableSharedMem -XX:MaxTenuringThreshold=1 -Dusing.aikars.flags=https://mcflags.emc.gs -Daikars.new.flags=true --module-path=libraries/cpw/mods/bootstraplauncher/1.1.2/bootstraplauncher-1.1.2.jar:libraries/cpw/mods/securejarhandler/2.1.10/securejarhandler-2.1.10.jar:libraries/org/ow2/asm/asm-commons/9.7/asm-commons-9.7.jar:libraries/org/ow2/asm/asm-util/9.7/asm-util-9.7.jar:libraries/org/ow2/asm/asm-analysis/9.7/asm-analysis-9.7.jar:libraries/org/ow2/asm/asm-tree/9.7/asm-tree-9.7.jar:libraries/org/ow2/asm/asm/9.7/asm-9.7.jar:libraries/net/minecraftforge/JarJarFileSystems/0.3.19/JarJarFileSystems-0.3.19.jar --add-modules=ALL-MODULE-PATH --add-opens=java.base/java.util.jar=cpw.mods.securejarhandler --add-opens=java.base/java.lang.invoke=cpw.mods.securejarhandler --add-exports=java.base/sun.security.util=cpw.mods.securejarhandler --add-exports=jdk.naming.dns/com.sun.jndi.dns=java.naming -Djava.net.preferIPv6Addresses=system -DignoreList=bootstraplauncher-1.1.2.jar,securejarhandler-2.1.10.jar,asm-commons-9.7.jar,asm-util-9.7.jar,asm-analysis-9.7.jar,asm-tree-9.7.jar,asm-9.7.jar,JarJarFileSystems-0.3.19.jar -DlibraryDirectory=libraries -DlegacyClassPath=libraries/cpw/mods/securejarhandler/2.1.10/securejarhandler-2.1.10.jar:libraries/org/ow2/asm/asm/9.7/asm-9.7.jar:libraries/org/ow2/asm/asm-commons/9.7/asm-commons-9.7.jar:libraries/org/ow2/asm/asm-tree/9.7/asm-tree-9.7.jar:libraries/org/ow2/asm/asm-util/9.7/asm-util-9.7.jar:libraries/org/ow2/asm/asm-analysis/9.7/asm-analysis-9.7.jar:libraries/net/minecraftforge/accesstransformers/8.0.4/accesstransformers-8.0.4.jar:libraries/org/antlr/antlr4-runtime/4.9.1/antlr4-runtime-4.9.1.jar:libraries/net/minecraftforge/eventbus/6.0.5/eventbus-6.0.5.jar:libraries/net/minecraftforge/forgespi/7.0.1/forgespi-7.0.1.jar:libraries/net/minecraftforge/coremods/5.1.6/coremods-5.1.6.jar:libraries/cpw/mods/modlauncher/10.0.9/modlauncher-10.0.9.jar:libraries/net/minecraftforge/unsafe/0.2.0/unsafe-0.2.0.jar:libraries/net/minecraftforge/mergetool/1.1.5/mergetool-1.1.5-api.jar:libraries/com/electronwill/night-config/core/3.6.4/core-3.6.4.jar:libraries/com/electronwill/night-config/toml/3.6.4/toml-3.6.4.jar:libraries/org/apache/maven/maven-artifact/3.8.5/maven-artifact-3.8.5.jar:libraries/net/jodah/typetools/0.6.3/typetools-0.6.3.jar:libraries/net/minecrell/terminalconsoleappender/1.2.0/terminalconsoleappender-1.2.0.jar:libraries/org/jline/jline-reader/3.12.1/jline-reader-3.12.1.jar:libraries/org/jline/jline-terminal/3.12.1/jline-terminal-3.12.1.jar:libraries/org/spongepowered/mixin/0.8.5/mixin-0.8.5.jar:libraries/org/openjdk/nashorn/nashorn-core/15.3/nashorn-core-15.3.jar:libraries/net/minecraftforge/JarJarSelector/0.3.19/JarJarSelector-0.3.19.jar:libraries/net/minecraftforge/JarJarMetadata/0.3.19/JarJarMetadata-0.3.19.jar:libraries/net/minecraftforge/fmlloader/1.20.1-47.3.0/fmlloader-1.20.1-47.3.0.jar:libraries/net/minecraft/server/1.20.1-20230612.114412/server-1.20.1-20230612.114412-extra.jar:libraries/com/github/oshi/oshi-core/6.2.2/oshi-core-6.2.2.jar:libraries/com/google/code/gson/gson/2.10/gson-2.10.jar:libraries/com/google/guava/failureaccess/1.0.1/failureaccess-1.0.1cpw.mods.bootstraplauncher.BootstrapLauncher --launchTarget forgeserver --fml.forgeVersion 47.3.0 --fml.mcVersion 1.20.1 --fml.forgeGroup net.minecraftforge --fml.mcpVersion 20230612.114412

Host: AMD EPYC 7763 64-Core Processor, 2 cores, 7G, Ubuntu 20.04.6 LTS
Time: Fri Jan 24 01:04:08 2025 UTC elapsed time: 0.009382 seconds (0d 0h 0m 0s)

---------------  T H R E A D  ---------------

Current thread (0x000079361002db60):  JavaThread "Unknown thread" [_thread_in_vm, id=125524, stack(0x0000793614ac8000,0x0000793614bc9000) (1028K)]

Stack: [0x0000793614ac8000,0x0000793614bc9000],  sp=0x0000793614bc74b0,  free space=1021k
Native frames: (J=compiled Java code, j=interpreted, Vv=VM code, C=native code)
V  [libjvm.so+0x10127d8]  VMError::report_and_die(int, char const*, char const*, __va_list_tag*, Thread*, unsigned char*, void*, void*, char const*, int, unsigned long)+0x2b8  (os_linux.cpp:2793)
V  [libjvm.so+0x10131cd]
V  [libjvm.so+0x6bca3f]
V  [libjvm.so+0xd0b7c4]  os::pd_commit_memory_or_exit(char*, unsigned long, unsigned long, bool, char const*)+0xd4
V  [libjvm.so+0xd04bcd]  os::commit_memory_or_exit(char*, unsigned long, unsigned long, bool, char const*)+0x1d
V  [libjvm.so+0x8193eb]  G1PageBasedVirtualSpace::commit(unsigned long, unsigned long)+0xfb
V  [libjvm.so+0x82f65f]  G1RegionsLargerThanCommitSizeMapper::commit_regions(unsigned int, unsigned long, WorkerThreads*)+0x9f
V  [libjvm.so+0x8bf725]  HeapRegionManager::commit_regions(unsigned int, unsigned long, WorkerThreads*)+0x55
V  [libjvm.so+0x8c1392]  HeapRegionManager::expand(unsigned int, unsigned int, WorkerThreads*)+0x32
V  [libjvm.so+0x8c15be]  HeapRegionManager::expand_by(unsigned int, WorkerThreads*)+0x7e
V  [libjvm.so+0x7d375f]  G1CollectedHeap::expand(unsigned long, WorkerThreads*, double*)+0xff
V  [libjvm.so+0x7d3d74]  G1CollectedHeap::initialize()+0x5c4
V  [libjvm.so+0xfb40d6]  universe_init()+0xd6
V  [libjvm.so+0x8dff37]  init_globals()+0x37
V  [libjvm.so+0xf92c85]  Threads::create_vm(JavaVMInitArgs*, bool*)+0x2b5
V  [libjvm.so+0x9bc52f]  JNI_CreateJavaVM+0x4f
C  [libjli.so+0x42cb]  JavaMain+0x8b
C  [libjli.so+0x7e49]  ThreadJavaMain+0x9

---------------  P R O C E S S  ---------------

Threads class SMR info:
_java_thread_list=0x000079361629af40, length=0, elements={
}

Java Threads: ( => current thread )
Total: 0

Other Threads:
  0x0000793610050680 WorkerThread "GC Thread#0"                     [id=125525, stack(0x000079361451c000,0x000079361461c000) (1024K)]
  0x0000793610059c40 ConcurrentGCThread "G1 Main Marker"            [id=125526, stack(0x000079361441b000,0x000079361451b000) (1024K)]
  0x000079361005abe0 WorkerThread "G1 Conc#0"                       [id=125527, stack(0x000079361431a000,0x000079361441a000) (1024K)]

[error occurred during error reporting (printing all threads), id 0xb, SIGSEGV (0xb) at pc=0x000079361550e680]
VM state: not at safepoint (not fully initialized)

VM Mutex/Monitor currently owned by a thread:  ([mutex/lock_event])
[0x0000793616274dd8] Heap_lock - owner thread: 0x000079361002db60

Heap address: 0x0000000600000000, size: 8192 MB, Compressed Oops mode: Zero based, Oop shift amount: 3

CDS archive(s) mapped at: [0x0000000000000000-0x0000000000000000-0x0000000000000000), size 0, SharedBaseAddress: 0x0000000800000000, ArchiveRelocationMode: 1.
Narrow klass base: 0x0000000000000000, Narrow klass shift: 0, Narrow klass range: 0x0

GC Precious Log:
 CardTable entry size: 512
 Card Set container configuration: InlinePtr #cards 4 size 8 Array Of Cards #cards 64 size 144 Howl #buckets 8 coarsen threshold 14745 Howl Bitmap #cards 2048 size 272 coarsen threshold 1843 Card regions per heap region 1 cards per card region 16384

Heap:
 garbage-first heap   total 0K, used 0K [0x0000000600000000, 0x0000000800000000)
  region size 8192K, 0 young (0K), 0 survivors (0K)

[error occurred during error reporting (printing heap information), id 0xb, SIGSEGV (0xb) at pc=0x0000793615ad949a]
GC Heap History (0 events):
No events

Dll operation events (1 events):
Event: 0.001 Loaded shared library /usr/local/sdkman/candidates/java/21.0.5-ms/lib/libjava.so

Deoptimization events (0 events):
No events

Classes loaded (0 events):
No events

Classes unloaded (0 events):
No events

Classes redefined (0 events):
No events

Internal exceptions (0 events):
No events

ZGC Phase Switch (0 events):
No events

VM Operations (0 events):
No events

Memory protections (1 events):
Event: 0.001 Protecting memory [0x0000793614ac8000,0x0000793614acc000] with protection modes 0

Nmethod flushes (0 events):
No events

Events (0 events):
No events


Dynamic libraries:
5ce5a2d71000-5ce5a2d72000 r-xp 00000000 07:04 421508                     /usr/local/sdkman/candidates/java/21.0.5-ms/bin/java
5ce5a2d73000-5ce5a2d74000 r--p 00001000 07:04 421508                     /usr/local/sdkman/candidates/java/21.0.5-ms/bin/java
5ce5a2d74000-5ce5a2d75000 rw-p 00002000 07:04 421508                     /usr/local/sdkman/candidates/java/21.0.5-ms/bin/java
5ce5a444c000-5ce5a4494000 rw-p 00000000 00:00 0                          [heap]
7935e0000000-7935e0021000 rw-p 00000000 00:00 0 
7935e0021000-7935e4000000 ---p 00000000 00:00 0 
7935e4000000-7935e4021000 rw-p 00000000 00:00 0 
7935e4021000-7935e8000000 ---p 00000000 00:00 0 
7935e8000000-7935e8021000 rw-p 00000000 00:00 0 
7935e8021000-7935ec000000 ---p 00000000 00:00 0 
7935ec43a000-7935ee89d000 rw-p 00000000 00:00 0 
7935ee89d000-7935f889d000 ---p 00000000 00:00 0 
7935f889d000-7935f8b0d000 rwxp 00000000 00:00 0 
7935f8b0d000-7935ffdd5000 ---p 00000000 00:00 0 
7935ffdd5000-793600045000 rwxp 00000000 00:00 0 
793600045000-793600364000 ---p 00000000 00:00 0 
793600364000-7936005d4000 rwxp 00000000 00:00 0 
7936005d4000-79360789d000 ---p 00000000 00:00 0 
79360789d000-793610000000 r--s 00000000 07:04 421995                     /usr/local/sdkman/candidates/java/21.0.5-ms/lib/modules
793610000000-793610070000 rw-p 00000000 00:00 0 
793610070000-793614000000 ---p 00000000 00:00 0 
793614117000-793614319000 rw-p 00000000 00:00 0 
793614319000-79361431a000 ---p 00000000 00:00 0 
79361431a000-79361441a000 rw-p 00000000 00:00 0 
79361441a000-79361441b000 ---p 00000000 00:00 0 
79361441b000-79361451b000 rw-p 00000000 00:00 0 
79361451b000-79361451c000 ---p 00000000 00:00 0 
79361451c000-7936148a8000 rw-p 00000000 00:00 0 
7936148a8000-79361498e000 ---p 00000000 00:00 0 
79361498e000-793614993000 rw-p 00000000 00:00 0 
793614993000-793614a79000 ---p 00000000 00:00 0 
793614a79000-793614a7e000 rw-p 00000000 00:00 0 
793614a7e000-793614a85000 ---p 00000000 00:00 0 
793614a85000-793614aa5000 r-xp 00000000 07:04 421970                     /usr/local/sdkman/candidates/java/21.0.5-ms/lib/libjava.so
793614aa5000-793614aa6000 ---p 00020000 07:04 421970                     /usr/local/sdkman/candidates/java/21.0.5-ms/lib/libjava.so
793614aa6000-793614aa7000 r--p 00020000 07:04 421970                     /usr/local/sdkman/candidates/java/21.0.5-ms/lib/libjava.so
793614aa7000-793614aa8000 rw-p 00021000 07:04 421970                     /usr/local/sdkman/candidates/java/21.0.5-ms/lib/libjava.so
793614aa8000-793614aa9000 rw-p 00000000 00:00 0 
793614aa9000-793614ac4000 r-xp 00000000 07:04 421974                     /usr/local/sdkman/candidates/java/21.0.5-ms/lib/libjimage.so
793614ac4000-793614ac5000 ---p 0001b000 07:04 421974                     /usr/local/sdkman/candidates/java/21.0.5-ms/lib/libjimage.so
793614ac5000-793614ac7000 r--p 0001b000 07:04 421974                     /usr/local/sdkman/candidates/java/21.0.5-ms/lib/libjimage.so
793614ac7000-793614ac8000 rw-p 0001d000 07:04 421974                     /usr/local/sdkman/candidates/java/21.0.5-ms/lib/libjimage.so
793614ac8000-793614acc000 ---p 00000000 00:00 0 
793614acc000-793614bc9000 rw-p 00000000 00:00 0 
793614bc9000-793614bd6000 r--p 00000000 07:04 1180627                    /usr/lib/x86_64-linux-gnu/libm-2.31.so
793614bd6000-793614c7d000 r-xp 0000d000 07:04 1180627                    /usr/lib/x86_64-linux-gnu/libm-2.31.so
793614c7d000-793614d16000 r--p 000b4000 07:04 1180627                    /usr/lib/x86_64-linux-gnu/libm-2.31.so
793614d16000-793614d17000 r--p 0014c000 07:04 1180627                    /usr/lib/x86_64-linux-gnu/libm-2.31.so
793614d17000-793614d18000 rw-p 0014d000 07:04 1180627                    /usr/lib/x86_64-linux-gnu/libm-2.31.so
793614d18000-793614d1a000 r--p 00000000 07:04 1180683                    /usr/lib/x86_64-linux-gnu/librt-2.31.so
793614d1a000-793614d1e000 r-xp 00002000 07:04 1180683                    /usr/lib/x86_64-linux-gnu/librt-2.31.so
793614d1e000-793614d20000 r--p 00006000 07:04 1180683                    /usr/lib/x86_64-linux-gnu/librt-2.31.so
793614d20000-793614d21000 r--p 00007000 07:04 1180683                    /usr/lib/x86_64-linux-gnu/librt-2.31.so
793614d21000-793614d22000 rw-p 00008000 07:04 1180683                    /usr/lib/x86_64-linux-gnu/librt-2.31.so
793614d22000-79361613e000 r-xp 00000000 07:04 422007                     /usr/local/sdkman/candidates/java/21.0.5-ms/lib/server/libjvm.so
79361613e000-79361613f000 ---p 0141c000 07:04 422007                     /usr/local/sdkman/candidates/java/21.0.5-ms/lib/server/libjvm.so
79361613f000-793616213000 r--p 0141c000 07:04 422007                     /usr/local/sdkman/candidates/java/21.0.5-ms/lib/server/libjvm.so
793616213000-793616243000 rw-p 014f0000 07:04 422007                     /usr/local/sdkman/candidates/java/21.0.5-ms/lib/server/libjvm.so
793616243000-7936162ab000 rw-p 00000000 00:00 0 
7936162ab000-7936162cd000 r--p 00000000 07:04 1180585                    /usr/lib/x86_64-linux-gnu/libc-2.31.so
7936162cd000-793616445000 r-xp 00022000 07:04 1180585                    /usr/lib/x86_64-linux-gnu/libc-2.31.so
793616445000-793616493000 r--p 0019a000 07:04 1180585                    /usr/lib/x86_64-linux-gnu/libc-2.31.so
793616493000-793616497000 r--p 001e7000 07:04 1180585                    /usr/lib/x86_64-linux-gnu/libc-2.31.so
793616497000-793616499000 rw-p 001eb000 07:04 1180585                    /usr/lib/x86_64-linux-gnu/libc-2.31.so
793616499000-79361649d000 rw-p 00000000 00:00 0 
79361649d000-79361649e000 r--p 00000000 07:04 1180596                    /usr/lib/x86_64-linux-gnu/libdl-2.31.so
79361649e000-7936164a0000 r-xp 00001000 07:04 1180596                    /usr/lib/x86_64-linux-gnu/libdl-2.31.so
7936164a0000-7936164a1000 r--p 00003000 07:04 1180596                    /usr/lib/x86_64-linux-gnu/libdl-2.31.so
7936164a1000-7936164a2000 r--p 00003000 07:04 1180596                    /usr/lib/x86_64-linux-gnu/libdl-2.31.so
7936164a2000-7936164a3000 rw-p 00004000 07:04 1180596                    /usr/lib/x86_64-linux-gnu/libdl-2.31.so
7936164a3000-7936164a9000 r--p 00000000 07:04 1180679                    /usr/lib/x86_64-linux-gnu/libpthread-2.31.so
7936164a9000-7936164ba000 r-xp 00006000 07:04 1180679                    /usr/lib/x86_64-linux-gnu/libpthread-2.31.so
7936164ba000-7936164c0000 r--p 00017000 07:04 1180679                    /usr/lib/x86_64-linux-gnu/libpthread-2.31.so
7936164c0000-7936164c1000 r--p 0001c000 07:04 1180679                    /usr/lib/x86_64-linux-gnu/libpthread-2.31.so
7936164c1000-7936164c2000 rw-p 0001d000 07:04 1180679                    /usr/lib/x86_64-linux-gnu/libpthread-2.31.so
7936164c2000-7936164c6000 rw-p 00000000 00:00 0 
7936164c6000-7936164d4000 r-xp 00000000 07:04 421975                     /usr/local/sdkman/candidates/java/21.0.5-ms/lib/libjli.so
7936164d4000-7936164d5000 ---p 0000e000 07:04 421975                     /usr/local/sdkman/candidates/java/21.0.5-ms/lib/libjli.so
7936164d5000-7936164d6000 r--p 0000e000 07:04 421975                     /usr/local/sdkman/candidates/java/21.0.5-ms/lib/libjli.so
7936164d6000-7936164d7000 rw-p 0000f000 07:04 421975                     /usr/local/sdkman/candidates/java/21.0.5-ms/lib/libjli.so
7936164d7000-7936164d9000 r--p 00000000 07:04 1180715                    /usr/lib/x86_64-linux-gnu/libz.so.1.2.11
7936164d9000-7936164ea000 r-xp 00002000 07:04 1180715                    /usr/lib/x86_64-linux-gnu/libz.so.1.2.11
7936164ea000-7936164f0000 r--p 00013000 07:04 1180715                    /usr/lib/x86_64-linux-gnu/libz.so.1.2.11
7936164f0000-7936164f1000 ---p 00019000 07:04 1180715                    /usr/lib/x86_64-linux-gnu/libz.so.1.2.11
7936164f1000-7936164f2000 r--p 00019000 07:04 1180715                    /usr/lib/x86_64-linux-gnu/libz.so.1.2.11
7936164f2000-7936164f3000 rw-p 0001a000 07:04 1180715                    /usr/lib/x86_64-linux-gnu/libz.so.1.2.11
7936164f3000-7936164fb000 rw-p 00000000 00:00 0 
7936164fb000-7936164fc000 ---p 00000000 00:00 0 
7936164fc000-7936164fd000 r--p 00000000 00:00 0 
7936164fd000-7936164ff000 rw-p 00000000 00:00 0 
7936164ff000-793616500000 r--p 00000000 07:04 1180563                    /usr/lib/x86_64-linux-gnu/ld-2.31.so
793616500000-793616523000 r-xp 00001000 07:04 1180563                    /usr/lib/x86_64-linux-gnu/ld-2.31.so
793616523000-79361652b000 r--p 00024000 07:04 1180563                    /usr/lib/x86_64-linux-gnu/ld-2.31.so
79361652b000-79361652c000 ---p 00000000 00:00 0 
79361652c000-79361652d000 r--p 0002c000 07:04 1180563                    /usr/lib/x86_64-linux-gnu/ld-2.31.so
79361652d000-79361652e000 rw-p 0002d000 07:04 1180563                    /usr/lib/x86_64-linux-gnu/ld-2.31.so
79361652e000-79361652f000 rw-p 00000000 00:00 0 
7ffd896c8000-7ffd896ea000 rw-p 00000000 00:00 0                          [stack]
7ffd897a9000-7ffd897ad000 r--p 00000000 00:00 0                          [vvar]
7ffd897ad000-7ffd897af000 r-xp 00000000 00:00 0                          [vdso]
ffffffffff600000-ffffffffff601000 --xp 00000000 00:00 0                  [vsyscall]
Total number of mappings: 101


VM Arguments:
jvm_args: -Xms8G -Xmx8G -XX:+UseG1GC -XX:+ParallelRefProcEnabled -XX:MaxGCPauseMillis=200 -XX:+UnlockExperimentalVMOptions -XX:+DisableExplicitGC -XX:+AlwaysPreTouch -XX:G1NewSizePercent=30 -XX:G1MaxNewSizePercent=40 -XX:G1HeapRegionSize=8M -XX:G1ReservePercent=20 -XX:G1HeapWastePercent=5 -XX:G1MixedGCCountTarget=4 -XX:InitiatingHeapOccupancyPercent=15 -XX:G1MixedGCLiveThresholdPercent=90 -XX:G1RSetUpdatingPauseTimePercent=5 -XX:SurvivorRatio=32 -XX:+PerfDisableSharedMem -XX:MaxTenuringThreshold=1 -Dusing.aikars.flags=https://mcflags.emc.gs -Daikars.new.flags=true --module-path=libraries/cpw/mods/bootstraplauncher/1.1.2/bootstraplauncher-1.1.2.jar:libraries/cpw/mods/securejarhandler/2.1.10/securejarhandler-2.1.10.jar:libraries/org/ow2/asm/asm-commons/9.7/asm-commons-9.7.jar:libraries/org/ow2/asm/asm-util/9.7/asm-util-9.7.jar:libraries/org/ow2/asm/asm-analysis/9.7/asm-analysis-9.7.jar:libraries/org/ow2/asm/asm-tree/9.7/asm-tree-9.7.jar:libraries/org/ow2/asm/asm/9.7/asm-9.7.jar:libraries/net/minecraftforge/JarJarFileSystems/0.3.19/JarJarFileSystems-0.3.19.jar --add-modules=ALL-MODULE-PATH --add-opens=java.base/java.util.jar=cpw.mods.securejarhandler --add-opens=java.base/java.lang.invoke=cpw.mods.securejarhandler --add-exports=java.base/sun.security.util=cpw.mods.securejarhandler --add-exports=jdk.naming.dns/com.sun.jndi.dns=java.naming -Djava.net.preferIPv6Addresses=system -DignoreList=bootstraplauncher-1.1.2.jar,securejarhandler-2.1.10.jar,asm-commons-9.7.jar,asm-util-9.7.jar,asm-analysis-9.7.jar,asm-tree-9.7.jar,asm-9.7.jar,JarJarFileSystems-0.3.19.jar -DlibraryDirectory=libraries -DlegacyClassPath=libraries/cpw/mods/securejarhandler/2.1.10/securejarhandler-2.1.10.jar:libraries/org/ow2/asm/asm/9.7/asm-9.7.jar:libraries/org/ow2/asm/asm-commons/9.7/asm-commons-9.7.jar:libraries/org/ow2/asm/asm-tree/9.7/asm-tree-9.7.jar:libraries/org/ow2/asm/asm-util/9.7/asm-util-9.7.jar:libraries/org/ow2/asm/asm-analysis/9.7/asm-analysis-9.7.jar:libraries/net/minecraftforge/accesstransformers/8.0.4/accesstransformers-8.0.4.jar:libraries/org/antlr/antlr4-runtime/4.9.1/antlr4-runtime-4.9.1.jar:libraries/net/minecraftforge/eventbus/6.0.5/eventbus-6.0.5.jar:libraries/net/minecraftforge/forgespi/7.0.1/forgespi-7.0.1.jar:libraries/net/minecraftforge/coremods/5.1.6/coremods-5.1.6.jar:libraries/cpw/mods/modlauncher/10.0.9/modlauncher-10.0.9.jar:libraries/net/minecraftforge/unsafe/0.2.0/unsafe-0.2.0.jar:libraries/net/minecraftforge/mergetool/1.1.5/mergetool-1.1.5-api.jar:libraries/com/electronwill/night-config/core/3.6.4/core-3.6.4.jar:libraries/com/electronwill/night-config/toml/3.6.4/toml-3.6.4.jar:libraries/org/apache/maven/maven-artifact/3.8.5/maven-artifact-3.8.5.jar:libraries/net/jodah/typetools/0.6.3/typetools-0.6.3.jar:libraries/net/minecrell/terminalconsoleappender/1.2.0/terminalconsoleappender-1.2.0.jar:libraries/org/jline/jline-reader/3.12.1/jline-reader-3.12.1.jar:libraries/org/jline/jline-terminal/3.12.1/jline-terminal-3.12.1.jar:libraries/org/spongepowered/mixin/0.8.5/mixin-0.8.5.jar:libraries/org/openjdk/nashorn/nashorn-core/15.3/nashorn-core-15.3.jar:libraries/net/minecraftforge/JarJarSelector/0.3.19/JarJarSelector-0.3.19.jar:libraries/net/minecraftforge/JarJarMetadata/0.3.19/JarJarMetadata-0.3.19.jar:libraries/net/minecraftforge/fmlloader/1.20.1-47.3.0/fmlloader-1.20.1-47.3.0.jar:libraries/net/minecraft/server/1.20.1-20230612.114412/server-1.20.1-20230612.114412-extra.jar:libraries/com/github/oshi/oshi-core/6.2.2/oshi-core-6.2.2.jar:libraries/com/google/code/gson/gson/2.10/gson-2.10.jar:libraries/com/google/guava/failureaccess/1.0.1/failureaccess-1.0.1
java_command: cpw.mods.bootstraplauncher.BootstrapLauncher --launchTarget forgeserver --fml.forgeVersion 47.3.0 --fml.mcVersion 1.20.1 --fml.forgeGroup net.minecraftforge --fml.mcpVersion 20230612.114412
java_class_path (initial): .
Launcher Type: SUN_STANDARD

[Global flags]
     bool AlwaysPreTouch                           = true                                      {product} {command line}
     bool AlwaysTenure                             = false                                     {product} {command line}
     intx CICompilerCount                          = 2                                         {product} {ergonomic}
     uint ConcGCThreads                            = 1                                         {product} {ergonomic}
     bool DisableExplicitGC                        = true                                      {product} {command line}
     uint G1ConcRefinementThreads                  = 2                                         {product} {ergonomic}
     uint G1EagerReclaimRemSetThreshold            = 64                                   {experimental} {ergonomic}
   size_t G1HeapRegionSize                         = 8388608                                   {product} {command line}
    uintx G1HeapWastePercent                       = 5                                         {product} {command line}
    uintx G1MaxNewSizePercent                      = 40                                   {experimental} {command line}
    uintx G1MixedGCCountTarget                     = 4                                         {product} {command line}
    uintx G1MixedGCLiveThresholdPercent            = 90                                   {experimental} {command line}
    uintx G1NewSizePercent                         = 30                                   {experimental} {command line}
     intx G1RSetUpdatingPauseTimePercent           = 5                                         {product} {command line}
     uint G1RemSetArrayOfCardsEntries              = 64                                   {experimental} {ergonomic}
     uint G1RemSetHowlMaxNumBuckets                = 8                                    {experimental} {ergonomic}
     uint G1RemSetHowlNumBuckets                   = 8                                    {experimental} {ergonomic}
    uintx G1ReservePercent                         = 20                                        {product} {command line}
    uintx GCDrainStackTargetSize                   = 64                                        {product} {ergonomic}
   size_t InitialHeapSize                          = 8589934592                                {product} {command line}
    uintx InitialTenuringThreshold                 = 1                                         {product} {ergonomic}
    uintx InitiatingHeapOccupancyPercent           = 15                                        {product} {command line}
   size_t MarkStackSize                            = 4194304                                   {product} {ergonomic}
    uintx MaxGCPauseMillis                         = 200                                       {product} {command line}
   size_t MaxHeapSize                              = 8589934592                                {product} {command line}
    uintx MaxTenuringThreshold                     = 1                                         {product} {command line}
   size_t MinHeapDeltaBytes                        = 8388608                                   {product} {ergonomic}
   size_t MinHeapSize                              = 8589934592                                {product} {command line}
     bool NeverTenure                              = false                                     {product} {command line}
    uintx NonNMethodCodeHeapSize                   = 5826188                                {pd product} {ergonomic}
    uintx NonProfiledCodeHeapSize                  = 122916026                              {pd product} {ergonomic}
     bool ParallelRefProcEnabled                   = true                                      {product} {command line}
     bool PerfDisableSharedMem                     = true                                      {product} {command line}
    uintx ProfiledCodeHeapSize                     = 122916026                              {pd product} {ergonomic}
    uintx ReservedCodeCacheSize                    = 251658240                              {pd product} {ergonomic}
     bool SegmentedCodeCache                       = true                                      {product} {ergonomic}
   size_t SoftMaxHeapSize                          = 8589934592                             {manageable} {ergonomic}
    uintx SurvivorRatio                            = 32                                        {product} {command line}
     bool UnlockExperimentalVMOptions              = true                                 {experimental} {command line}
     bool UseCompressedOops                        = true                           {product lp64_product} {ergonomic}
     bool UseG1GC                                  = true                                      {product} {command line}

Logging:
Log output configuration:
 #0: stdout all=warning uptime,level,tags foldmultilines=false
 #1: stderr all=off uptime,level,tags foldmultilines=false

Environment Variables:
JAVA_HOME=/usr/local/sdkman/candidates/java/current
PATH=/usr/local/rvm/gems/ruby-3.3.4/bin:/usr/local/rvm/gems/ruby-3.3.4@global/bin:/usr/local/rvm/rubies/ruby-3.3.4/bin:/vscode/bin/linux-x64/91fbdddc47bc9c09064bf7acf133d22631cbf083/bin/remote-cli:/home/codespace/.local/bin:/home/codespace/.dotnet:/home/codespace/nvm/current/bin:/home/codespace/.php/current/bin:/home/codespace/.python/current/bin:/home/codespace/java/current/bin:/home/codespace/.ruby/current/bin:/home/codespace/.local/bin:/usr/local/python/current/bin:/usr/local/py-utils/bin:/usr/local/oryx:/usr/local/go/bin:/go/bin:/usr/local/sdkman/bin:/usr/local/sdkman/candidates/java/current/bin:/usr/local/sdkman/candidates/gradle/current/bin:/usr/local/sdkman/candidates/maven/current/bin:/usr/local/sdkman/candidates/ant/current/bin:/usr/local/rvm/gems/default/bin:/usr/local/rvm/gems/default@global/bin:/usr/local/rvm/rubies/default/bin:/usr/local/share/rbenv/bin:/usr/local/php/current/bin:/opt/conda/bin:/usr/local/nvs:/usr/local/share/nvm/versions/node/v20.18.1/bin:/usr/local/hugo/bin:/usr/local/sbin:/usr/local/bin:/usr/sbin:/usr/bin:/sbin:/bin:/usr/share/dotnet:/home/codespace/.dotnet/tools:/usr/local/rvm/bin
SHELL=/bin/bash
LANG=C.UTF-8
TERM=xterm-256color

Active Locale:
LC_ALL=C
LC_COLLATE=C
LC_CTYPE=C
LC_MESSAGES=C
LC_MONETARY=C
LC_NUMERIC=C
LC_TIME=C

Signal Handlers:
   SIGSEGV: crash_handler in libjvm.so, mask=11100100010111111101111111111110, flags=SA_RESTART|SA_SIGINFO, unblocked
    SIGBUS: crash_handler in libjvm.so, mask=11100100010111111101111111111110, flags=SA_RESTART|SA_SIGINFO, unblocked
    SIGFPE: crash_handler in libjvm.so, mask=11100100010111111101111111111110, flags=SA_RESTART|SA_SIGINFO, unblocked
   SIGPIPE: javaSignalHandler in libjvm.so, mask=11100100010111111101111111111110, flags=SA_RESTART|SA_SIGINFO, blocked
   SIGXFSZ: javaSignalHandler in libjvm.so, mask=11100100010111111101111111111110, flags=SA_RESTART|SA_SIGINFO, blocked
    SIGILL: crash_handler in libjvm.so, mask=11100100010111111101111111111110, flags=SA_RESTART|SA_SIGINFO, unblocked
   SIGUSR2: SR_handler in libjvm.so, mask=00000000000000000000000000000000, flags=SA_RESTART|SA_SIGINFO, blocked
    SIGHUP: SIG_DFL, mask=00000000000000000000000000000000, flags=none, blocked
    SIGINT: SIG_DFL, mask=00000000000000000000000000000000, flags=none, blocked
   SIGTERM: SIG_DFL, mask=00000000000000000000000000000000, flags=none, blocked
   SIGQUIT: UserHandler in libjvm.so, mask=11100100010111111101111111111110, flags=SA_RESTART|SA_SIGINFO, blocked
   SIGTRAP: crash_handler in libjvm.so, mask=11100100010111111101111111111110, flags=SA_RESTART|SA_SIGINFO, unblocked


Periodic native trim disabled

---------------  S Y S T E M  ---------------

OS:
DISTRIB_ID=Ubuntu
DISTRIB_RELEASE=20.04
DISTRIB_CODENAME=focal
DISTRIB_DESCRIPTION="Ubuntu 20.04.6 LTS"
uname: Linux 6.5.0-1025-azure #26~22.04.1-Ubuntu SMP Thu Jul 11 22:33:04 UTC 2024 x86_64
OS uptime: 0 days 4:24 hours
libc: glibc 2.31 NPTL 2.31 
rlimit (soft/hard): STACK 8192k/infinity , CORE infinity/infinity , NPROC infinity/infinity , NOFILE 1048576/1048576 , AS infinity/infinity , CPU infinity/infinity , DATA infinity/infinity , FSIZE infinity/infinity , MEMLOCK 8192k/8192k
load average: 0.01 0.14 0.39

/proc/meminfo:
MemTotal:        8119864 kB
MemFree:         2792088 kB
MemAvailable:    4160812 kB
Buffers:           35208 kB
Cached:          1585800 kB
SwapCached:            0 kB
Active:          2888336 kB
Inactive:        2103772 kB
Active(anon):    2125060 kB
Inactive(anon):  1321100 kB
Active(file):     763276 kB
Inactive(file):   782672 kB
Unevictable:       30960 kB
Mlocked:           27888 kB
SwapTotal:             0 kB
SwapFree:              0 kB
Zswap:                 0 kB
Zswapped:              0 kB
Dirty:               912 kB
Writeback:             0 kB
AnonPages:       3396148 kB
Mapped:           288164 kB
Shmem:             65936 kB
KReclaimable:     103256 kB
Slab:             180956 kB
SReclaimable:     103256 kB
SUnreclaim:        77700 kB
KernelStack:        9760 kB
PageTables:        23660 kB
SecPageTables:         0 kB
NFS_Unstable:          0 kB
Bounce:                0 kB
WritebackTmp:          0 kB
CommitLimit:     4059932 kB
Committed_AS:    6103288 kB
VmallocTotal:   34359738367 kB
VmallocUsed:       43968 kB
VmallocChunk:          0 kB
Percpu:             1096 kB
HardwareCorrupted:     0 kB
AnonHugePages:   2506752 kB
ShmemHugePages:        0 kB
ShmemPmdMapped:        0 kB
FileHugePages:         0 kB
FilePmdMapped:         0 kB
Unaccepted:            0 kB
HugePages_Total:       0
HugePages_Free:        0
HugePages_Rsvd:        0
HugePages_Surp:        0
Hugepagesize:       2048 kB
Hugetlb:               0 kB
DirectMap4k:      104384 kB
DirectMap2M:     4089856 kB
DirectMap1G:     6291456 kB

/sys/kernel/mm/transparent_hugepage/enabled: [always] madvise never
/sys/kernel/mm/transparent_hugepage/hpage_pmd_size: 2097152
/sys/kernel/mm/transparent_hugepage/defrag (defrag/compaction efforts parameter): always defer defer+madvise [madvise] never

Process Memory:
Virtual Size: 885060K (peak: 9269176K)
Resident Set Size: 28880K (peak: 28880K) (anon: 15824K, file: 13056K, shmem: 0K)
Swapped out: 0K
C-Heap outstanding allocations: 9544K, retained: 603K
glibc malloc tunables: (default)

/proc/sys/kernel/threads-max (system-wide limit on the number of threads): 63387
/proc/sys/vm/max_map_count (maximum number of memory map areas a process may have): 65530
/proc/sys/vm/swappiness (control to define how aggressively the kernel swaps out anonymous memory): 60
/proc/sys/kernel/pid_max (system-wide limit on number of process identifiers): 4194304

container (cgroup) information:
container_type: cgroupv2
cpu_cpuset_cpus: not supported
cpu_memory_nodes: not supported
active_processor_count: 2
cpu_quota: no quota
cpu_period: 100000
cpu_shares: no shares
memory_limit_in_bytes: unlimited
memory_and_swap_limit_in_bytes: unlimited
memory_soft_limit_in_bytes: unlimited
memory_usage_in_bytes: 3028988 k
memory_max_usage_in_bytes: not supported
memory_swap_current_in_bytes: unlimited
memory_swap_max_limit_in_bytes: unlimited
maximum number of tasks: unlimited
current number of tasks: 144

Hyper-V virtualization detected
Steal ticks since vm start: 0
Steal ticks percentage since vm start:  0.000

CPU: total 2 (initial active 2) (16 cores per cpu, 2 threads per core) family 25 model 1 stepping 1 microcode 0xffffffff, cx8, cmov, fxsr, ht, mmx, 3dnowpref, sse, sse2, sse3, ssse3, sse4a, sse4.1, sse4.2, popcnt, lzcnt, tsc, tscinvbit, avx, avx2, aes, erms, clmul, bmi1, bmi2, adx, sha, fma, vzeroupper, clflush, clflushopt, hv, rdtscp, rdpid, fsrm, f16c, cet_ss
CPU Model and flags from /proc/cpuinfo:
model name	: AMD EPYC 7763 64-Core Processor
flags		: fpu vme de pse tsc msr pae mce cx8 apic sep mtrr pge mca cmov pat pse36 clflush mmx fxsr sse sse2 ht syscall nx mmxext fxsr_opt pdpe1gb rdtscp lm constant_tsc rep_good nopl tsc_reliable nonstop_tsc cpuid extd_apicid aperfmperf pni pclmulqdq ssse3 fma cx16 pcid sse4_1 sse4_2 movbe popcnt aes xsave avx f16c rdrand hypervisor lahf_lm cmp_legacy svm cr8_legacy abm sse4a misalignsse 3dnowprefetch osvw topoext invpcid_single vmmcall fsgsbase bmi1 avx2 smep bmi2 erms invpcid rdseed adx smap clflushopt clwb sha_ni xsaveopt xsavec xgetbv1 xsaves clzero xsaveerptr rdpru arat npt nrip_save tsc_scale vmcb_clean flushbyasid decodeassists pausefilter pfthreshold v_vmsave_vmload umip vaes vpclmulqdq rdpid fsrm

Online cpus: 0-1
Offline cpus: 
BIOS frequency limitation: <Not Available>
Frequency switch latency (ns): <Not Available>
Available cpu frequencies: <Not Available>
Current governor: <Not Available>
Core performance/turbo boost: <Not Available>

Memory: 4k page, physical 8119864k(4160812k free), swap 0k(0k free)
Page Sizes: 4k

vm_info: OpenJDK 64-Bit Server VM (21.0.5+11-LTS) for linux-amd64 JRE (21.0.5+11-LTS), built on 2024-10-11T23:31:17Z by "MicrosoftCorporation" with gcc 11.3.0

END.
